生成启动时间为 2017/2/20 23:36:33。
     1>项目“d:\用户目录\documents\visual studio 2013\Projects\NexGen\render\render.vcxproj”在节点 2 上(Build 个目标)。
     1>ClCompile:
         E:\Program\VS2013\VC\bin\CL.exe /c /ZI /nologo /W3 /WX- /Od /Oy- /D WIN32 /D _DEBUG /D _LIB /D _UNICODE /D UNICODE /Gm /EHsc /RTC1 /MDd /GS /fp:precise /Zc:wchar_t /Zc:forScope /Fo"Debug\\" /Fd"Debug\vc120.pdb" /Gd /TP /analyze- /errorReport:prompt context.cpp device_caps.cpp render.cpp
         context.cpp
     1>d:\用户目录\documents\visual studio 2013\projects\nexgen\render\context.cpp(716): warning C4244: “初始化”: 从“double”转换到“int”，可能丢失数据
     1>d:\用户目录\documents\visual studio 2013\projects\nexgen\render\context.cpp(717): warning C4244: “初始化”: 从“double”转换到“int”，可能丢失数据
     1>d:\用户目录\documents\visual studio 2013\projects\nexgen\render\context.cpp(1043): warning C4244: “初始化”: 从“float”转换到“int”，可能丢失数据
     1>d:\用户目录\documents\visual studio 2013\projects\nexgen\render\context.cpp(1044): warning C4244: “初始化”: 从“float”转换到“int”，可能丢失数据
     1>d:\用户目录\documents\visual studio 2013\projects\nexgen\render\context.cpp(1071): warning C4244: “初始化”: 从“float”转换到“int”，可能丢失数据
     1>d:\用户目录\documents\visual studio 2013\projects\nexgen\render\context.cpp(1072): warning C4244: “初始化”: 从“float”转换到“int”，可能丢失数据
     1>d:\用户目录\documents\visual studio 2013\projects\nexgen\render\context.cpp(1122): warning C4244: “初始化”: 从“float”转换到“int”，可能丢失数据
     1>d:\用户目录\documents\visual studio 2013\projects\nexgen\render\context.cpp(1123): warning C4244: “初始化”: 从“float”转换到“int”，可能丢失数据
     1>d:\用户目录\documents\visual studio 2013\projects\nexgen\render\context.cpp(1160): warning C4244: “初始化”: 从“float”转换到“int”，可能丢失数据
     1>d:\用户目录\documents\visual studio 2013\projects\nexgen\render\context.cpp(1161): warning C4244: “初始化”: 从“float”转换到“int”，可能丢失数据
     1>d:\用户目录\documents\visual studio 2013\projects\nexgen\render\context.cpp(1194): warning C4244: “初始化”: 从“float”转换到“int”，可能丢失数据
     1>d:\用户目录\documents\visual studio 2013\projects\nexgen\render\context.cpp(1195): warning C4244: “初始化”: 从“float”转换到“int”，可能丢失数据
         正在生成代码...
         正在编译...
         render.cpp
         device_caps.cpp
         正在生成代码...
       Lib:
         E:\Program\VS2013\VC\bin\Lib.exe /OUT:"d:\用户目录\documents\visual studio 2013\Projects\NexGen\Debug\render.lib" /NOLOGO Debug\context.obj
         Debug\device_caps.obj
         Debug\render.obj
         render.vcxproj -> d:\用户目录\documents\visual studio 2013\Projects\NexGen\Debug\render.lib
     1>已完成生成项目“d:\用户目录\documents\visual studio 2013\Projects\NexGen\render\render.vcxproj”(Build 个目标)的操作。

生成成功。

已用时间 00:00:02.47
