d:\用户目录\documents\visual studio 2013\projects\nexgen\main\debug\vc120.pdb
d:\用户目录\documents\visual studio 2013\projects\nexgen\main\debug\vc120.idb
d:\用户目录\documents\visual studio 2013\projects\nexgen\main\debug\win_main.obj
d:\用户目录\documents\visual studio 2013\projects\nexgen\main\debug\win_graphdevice.obj
d:\用户目录\documents\visual studio 2013\projects\nexgen\main\debug\app.obj
d:\用户目录\documents\visual studio 2013\projects\nexgen\debug\main.ilk
d:\用户目录\documents\visual studio 2013\projects\nexgen\debug\main.exe
d:\用户目录\documents\visual studio 2013\projects\nexgen\debug\main.pdb
d:\用户目录\documents\visual studio 2013\projects\nexgen\main\debug\main.tlog\cl.command.1.tlog
d:\用户目录\documents\visual studio 2013\projects\nexgen\main\debug\main.tlog\cl.read.1.tlog
d:\用户目录\documents\visual studio 2013\projects\nexgen\main\debug\main.tlog\cl.write.1.tlog
d:\用户目录\documents\visual studio 2013\projects\nexgen\main\debug\main.tlog\link-cvtres.read.1.tlog
d:\用户目录\documents\visual studio 2013\projects\nexgen\main\debug\main.tlog\link-cvtres.write.1.tlog
d:\用户目录\documents\visual studio 2013\projects\nexgen\main\debug\main.tlog\link-rc.read.1.tlog
d:\用户目录\documents\visual studio 2013\projects\nexgen\main\debug\main.tlog\link-rc.write.1.tlog
d:\用户目录\documents\visual studio 2013\projects\nexgen\main\debug\main.tlog\link.4440-cvtres.read.1.tlog
d:\用户目录\documents\visual studio 2013\projects\nexgen\main\debug\main.tlog\link.4440-cvtres.write.1.tlog
d:\用户目录\documents\visual studio 2013\projects\nexgen\main\debug\main.tlog\link.4440-rc.read.1.tlog
d:\用户目录\documents\visual studio 2013\projects\nexgen\main\debug\main.tlog\link.4440-rc.write.1.tlog
d:\用户目录\documents\visual studio 2013\projects\nexgen\main\debug\main.tlog\link.4440.read.1.tlog
d:\用户目录\documents\visual studio 2013\projects\nexgen\main\debug\main.tlog\link.4440.write.1.tlog
d:\用户目录\documents\visual studio 2013\projects\nexgen\main\debug\main.tlog\link.command.1.tlog
d:\用户目录\documents\visual studio 2013\projects\nexgen\main\debug\main.tlog\link.read.1.tlog
d:\用户目录\documents\visual studio 2013\projects\nexgen\main\debug\main.tlog\link.write.1.tlog
